This is XeTeX, Version 3.14159265-2.6-0.999991 (MiKTeX 2.9.7140 64-bit) (preloaded format=xelatex 2019.8.9)  20 AUG 2019 23:24
entering extended mode
**./livror.tex
(livror.tex
LaTeX2e <2018-12-01>
("C:\Program Files\MiKTeX 2.9\tex/latex/base\book.cls"
Document Class: book 2018/09/03 v1.4i Standard LaTeX document class
("C:\Program Files\MiKTeX 2.9\tex/latex/base\bk12.clo"
File: bk12.clo 2018/09/03 v1.4i Standard LaTeX file (size option)
)
\c@part=\count80
\c@chapter=\count81
\c@section=\count82
\c@subsection=\count83
\c@subsubsection=\count84
\c@paragraph=\count85
\c@subparagraph=\count86
\c@figure=\count87
\c@table=\count88
\abovecaptionskip=\skip41
\belowcaptionskip=\skip42
\bibindent=\dimen102
) ("C:\Program Files\MiKTeX 2.9\tex/latex/lm\lmodern.sty"
Package: lmodern 2009/10/30 v1.6 Latin Modern Fonts
LaTeX Font Info:    Overwriting symbol font `operators' in version `normal'
(Font)                  OT1/cmr/m/n --> OT1/lmr/m/n on input line 22.
LaTeX Font Info:    Overwriting symbol font `letters' in version `normal'
(Font)                  OML/cmm/m/it --> OML/lmm/m/it on input line 23.
LaTeX Font Info:    Overwriting symbol font `symbols' in version `normal'
(Font)                  OMS/cmsy/m/n --> OMS/lmsy/m/n on input line 24.
LaTeX Font Info:    Overwriting symbol font `largesymbols' in version `normal'
(Font)                  OMX/cmex/m/n --> OMX/lmex/m/n on input line 25.
LaTeX Font Info:    Overwriting symbol font `operators' in version `bold'
(Font)                  OT1/cmr/bx/n --> OT1/lmr/bx/n on input line 26.
LaTeX Font Info:    Overwriting symbol font `letters' in version `bold'
(Font)                  OML/cmm/b/it --> OML/lmm/b/it on input line 27.
LaTeX Font Info:    Overwriting symbol font `symbols' in version `bold'
(Font)                  OMS/cmsy/b/n --> OMS/lmsy/b/n on input line 28.
LaTeX Font Info:    Overwriting symbol font `largesymbols' in version `bold'
(Font)                  OMX/cmex/m/n --> OMX/lmex/m/n on input line 29.
LaTeX Font Info:    Overwriting math alphabet `\mathbf' in version `normal'
(Font)                  OT1/cmr/bx/n --> OT1/lmr/bx/n on input line 31.
LaTeX Font Info:    Overwriting math alphabet `\mathsf' in version `normal'
(Font)                  OT1/cmss/m/n --> OT1/lmss/m/n on input line 32.
LaTeX Font Info:    Overwriting math alphabet `\mathit' in version `normal'
(Font)                  OT1/cmr/m/it --> OT1/lmr/m/it on input line 33.
LaTeX Font Info:    Overwriting math alphabet `\mathtt' in version `normal'
(Font)                  OT1/cmtt/m/n --> OT1/lmtt/m/n on input line 34.
LaTeX Font Info:    Overwriting math alphabet `\mathbf' in version `bold'
(Font)                  OT1/cmr/bx/n --> OT1/lmr/bx/n on input line 35.
LaTeX Font Info:    Overwriting math alphabet `\mathsf' in version `bold'
(Font)                  OT1/cmss/bx/n --> OT1/lmss/bx/n on input line 36.
LaTeX Font Info:    Overwriting math alphabet `\mathit' in version `bold'
(Font)                  OT1/cmr/bx/it --> OT1/lmr/bx/it on input line 37.
LaTeX Font Info:    Overwriting math alphabet `\mathtt' in version `bold'
(Font)                  OT1/cmtt/m/n --> OT1/lmtt/m/n on input line 38.
) ("C:\Program Files\MiKTeX 2.9\tex/latex/amsfonts\amssymb.sty"
Package: amssymb 2013/01/14 v3.01 AMS font symbols
("C:\Program Files\MiKTeX 2.9\tex/latex/amsfonts\amsfonts.sty"
Package: amsfonts 2013/01/14 v3.01 Basic AMSFonts support
\@emptytoks=\toks14
\symAMSa=\mathgroup4
\symAMSb=\mathgroup5
LaTeX Font Info:    Overwriting math alphabet `\mathfrak' in version `bold'
(Font)                  U/euf/m/n --> U/euf/b/n on input line 106.
)) ("C:\Program Files\MiKTeX 2.9\tex/latex/amsmath\amsmath.sty"
Package: amsmath 2018/12/01 v2.17b AMS math features
\@mathmargin=\skip43
For additional information on amsmath, use the `?' option.
("C:\Program Files\MiKTeX 2.9\tex/latex/amsmath\amstext.sty"
Package: amstext 2000/06/29 v2.01 AMS text
("C:\Program Files\MiKTeX 2.9\tex/latex/amsmath\amsgen.sty"
File: amsgen.sty 1999/11/30 v2.0 generic functions
\@emptytoks=\toks15
\ex@=\dimen103
)) ("C:\Program Files\MiKTeX 2.9\tex/latex/amsmath\amsbsy.sty"
Package: amsbsy 1999/11/29 v1.2d Bold Symbols
\pmbraise@=\dimen104
) ("C:\Program Files\MiKTeX 2.9\tex/latex/amsmath\amsopn.sty"
Package: amsopn 2016/03/08 v2.02 operator names
)
\inf@bad=\count89
LaTeX Info: Redefining \frac on input line 223.
\uproot@=\count90
\leftroot@=\count91
LaTeX Info: Redefining \overline on input line 385.
\classnum@=\count92
\DOTSCASE@=\count93
LaTeX Info: Redefining \ldots on input line 482.
LaTeX Info: Redefining \dots on input line 485.
LaTeX Info: Redefining \cdots on input line 606.
\Mathstrutbox@=\box27
\strutbox@=\box28
\big@size=\dimen105
LaTeX Font Info:    Redeclaring font encoding OML on input line 729.
LaTeX Font Info:    Redeclaring font encoding OMS on input line 730.
\macc@depth=\count94
\c@MaxMatrixCols=\count95
\dotsspace@=\muskip10
\c@parentequation=\count96
\dspbrk@lvl=\count97
\tag@help=\toks16
\row@=\count98
\column@=\count99
\maxfields@=\count100
\andhelp@=\toks17
\eqnshift@=\dimen106
\alignsep@=\dimen107
\tagshift@=\dimen108
\tagwidth@=\dimen109
\totwidth@=\dimen110
\lineht@=\dimen111
\@envbody=\toks18
\multlinegap=\skip44
\multlinetaggap=\skip45
\mathdisplay@stack=\toks19
LaTeX Info: Redefining \[ on input line 2844.
LaTeX Info: Redefining \] on input line 2845.
) ("C:\Program Files\MiKTeX 2.9\tex/generic/ifxetex\ifxetex.sty"
Package: ifxetex 2010/09/12 v0.6 Provides ifxetex conditional
) ("C:\Program Files\MiKTeX 2.9\tex/generic/oberdiek\ifluatex.sty"
Package: ifluatex 2016/05/16 v1.4 Provides the ifluatex switch (HO)
Package ifluatex Info: LuaTeX not detected.
) ("C:\Program Files\MiKTeX 2.9\tex/latex/base\fixltx2e.sty"
Package: fixltx2e 2016/12/29 v2.1a fixes to LaTeX (obsolete)
Applying: [2015/01/01] Old fixltx2e package on input line 46.

Package fixltx2e Warning: fixltx2e is not required with releases after 2015
(fixltx2e)                All fixes are now in the LaTeX kernel.
(fixltx2e)                See the latexrelease package for details.

Already applied: [0000/00/00] Old fixltx2e package on input line 53.
) ("C:\Program Files\MiKTeX 2.9\tex/xelatex/mathspec\mathspec.sty"
Package: mathspec 2016/12/22 v0.2b LaTeX Package (Mathematics font selection fo
r XeLaTeX)
("C:\Program Files\MiKTeX 2.9\tex/latex/etoolbox\etoolbox.sty"
Package: etoolbox 2018/08/19 v2.5f e-TeX tools for LaTeX (JAW)
\etb@tempcnta=\count101
) ("C:\Program Files\MiKTeX 2.9\tex/latex/fontspec\fontspec.sty" ("C:\Program F
iles\MiKTeX 2.9\tex/latex/l3packages/xparse\xparse.sty" ("C:\Program Files\MiKT
eX 2.9\tex/latex/l3kernel\expl3.sty"
Package: expl3 2019-07-25 L3 programming layer (loader) 
("C:\Program Files\MiKTeX 2.9\tex/latex/l3kernel\expl3-code.tex"
Package: expl3 2019-07-25 L3 programming layer (code)
\c_max_int=\count102
\l_tmpa_int=\count103
\l_tmpb_int=\count104
\g_tmpa_int=\count105
\g_tmpb_int=\count106
\g__kernel_prg_map_int=\count107
\c__ior_term_ior=\count108
\c_log_iow=\count109
\l_iow_line_count_int=\count110
\l__iow_line_target_int=\count111
\l__iow_one_indent_int=\count112
\l__iow_indent_int=\count113
\c_zero_dim=\dimen112
\c_max_dim=\dimen113
\l_tmpa_dim=\dimen114
\l_tmpb_dim=\dimen115
\g_tmpa_dim=\dimen116
\g_tmpb_dim=\dimen117
\c_zero_skip=\skip46
\c_max_skip=\skip47
\l_tmpa_skip=\skip48
\l_tmpb_skip=\skip49
\g_tmpa_skip=\skip50
\g_tmpb_skip=\skip51
\c_zero_muskip=\muskip11
\c_max_muskip=\muskip12
\l_tmpa_muskip=\muskip13
\l_tmpb_muskip=\muskip14
\g_tmpa_muskip=\muskip15
\g_tmpb_muskip=\muskip16
\l_keys_choice_int=\count114
\l__intarray_loop_int=\count115
\c__intarray_sp_dim=\dimen118
\g__intarray_font_int=\count116
\c__fp_leading_shift_int=\count117
\c__fp_middle_shift_int=\count118
\c__fp_trailing_shift_int=\count119
\c__fp_big_leading_shift_int=\count120
\c__fp_big_middle_shift_int=\count121
\c__fp_big_trailing_shift_int=\count122
\c__fp_Bigg_leading_shift_int=\count123
\c__fp_Bigg_middle_shift_int=\count124
\c__fp_Bigg_trailing_shift_int=\count125
\g__fp_array_int=\count126
\l__fp_array_loop_int=\count127
\l__sort_length_int=\count128
\l__sort_min_int=\count129
\l__sort_top_int=\count130
\l__sort_max_int=\count131
\l__sort_true_max_int=\count132
\l__sort_block_int=\count133
\l__sort_begin_int=\count134
\l__sort_end_int=\count135
\l__sort_A_int=\count136
\l__sort_B_int=\count137
\l__sort_C_int=\count138
\l__str_internal_int=\count139
\l__tl_analysis_normal_int=\count140
\l__tl_analysis_index_int=\count141
\l__tl_analysis_nesting_int=\count142
\l__tl_analysis_type_int=\count143
\l__regex_internal_a_int=\count144
\l__regex_internal_b_int=\count145
\l__regex_internal_c_int=\count146
\l__regex_balance_int=\count147
\l__regex_group_level_int=\count148
\l__regex_mode_int=\count149
\c__regex_cs_in_class_mode_int=\count150
\c__regex_cs_mode_int=\count151
\l__regex_catcodes_int=\count152
\l__regex_default_catcodes_int=\count153
\c__regex_catcode_L_int=\count154
\c__regex_catcode_O_int=\count155
\c__regex_catcode_A_int=\count156
\c__regex_all_catcodes_int=\count157
\l__regex_show_lines_int=\count158
\l__regex_min_state_int=\count159
\l__regex_max_state_int=\count160
\l__regex_left_state_int=\count161
\l__regex_right_state_int=\count162
\l__regex_capturing_group_int=\count163
\l__regex_min_pos_int=\count164
\l__regex_max_pos_int=\count165
\l__regex_curr_pos_int=\count166
\l__regex_start_pos_int=\count167
\l__regex_success_pos_int=\count168
\l__regex_curr_char_int=\count169
\l__regex_curr_catcode_int=\count170
\l__regex_last_char_int=\count171
\l__regex_case_changed_char_int=\count172
\l__regex_curr_state_int=\count173
\l__regex_step_int=\count174
\l__regex_min_active_int=\count175
\l__regex_max_active_int=\count176
\l__regex_replacement_csnames_int=\count177
\l__regex_match_count_int=\count178
\l__regex_min_submatch_int=\count179
\l__regex_submatch_int=\count180
\l__regex_zeroth_submatch_int=\count181
\g__regex_trace_regex_int=\count182
\c_empty_box=\box29
\l_tmpa_box=\box30
\l_tmpb_box=\box31
\g_tmpa_box=\box32
\g_tmpb_box=\box33
\l__box_top_dim=\dimen119
\l__box_bottom_dim=\dimen120
\l__box_left_dim=\dimen121
\l__box_right_dim=\dimen122
\l__box_top_new_dim=\dimen123
\l__box_bottom_new_dim=\dimen124
\l__box_left_new_dim=\dimen125
\l__box_right_new_dim=\dimen126
\l__box_internal_box=\box34
\l__coffin_internal_box=\box35
\l__coffin_internal_dim=\dimen127
\l__coffin_offset_x_dim=\dimen128
\l__coffin_offset_y_dim=\dimen129
\l__coffin_x_dim=\dimen130
\l__coffin_y_dim=\dimen131
\l__coffin_x_prime_dim=\dimen132
\l__coffin_y_prime_dim=\dimen133
\c_empty_coffin=\box36
\l__coffin_aligned_coffin=\box37
\l__coffin_aligned_internal_coffin=\box38
\l_tmpa_coffin=\box39
\l_tmpb_coffin=\box40
\g_tmpa_coffin=\box41
\g_tmpb_coffin=\box42
\l__coffin_bounding_shift_dim=\dimen134
\l__coffin_left_corner_dim=\dimen135
\l__coffin_right_corner_dim=\dimen136
\l__coffin_bottom_corner_dim=\dimen137
\l__coffin_top_corner_dim=\dimen138
\l__coffin_scaled_total_height_dim=\dimen139
\l__coffin_scaled_width_dim=\dimen140
\c__coffin_empty_coffin=\box43
\l__coffin_display_coffin=\box44
\l__coffin_display_coord_coffin=\box45
\l__coffin_display_pole_coffin=\box46
\l__coffin_display_offset_dim=\dimen141
\l__coffin_display_x_dim=\dimen142
\l__coffin_display_y_dim=\dimen143
\g__file_internal_ior=\read1
\l__seq_internal_a_int=\count183
\l__seq_internal_b_int=\count184
) ("C:\Program Files\MiKTeX 2.9\tex/latex/l3backend\l3backend-xdvipdfmx.def"
File: l3backend-xdvipdfmx.def 2019-04-06 v L3 Experimental backend support: xdv
ipdfmx
\g__graphics_track_int=\count185
\l__pdf_internal_box=\box47
\g__pdf_backend_object_int=\count186
\g__pdf_backend_annotation_int=\count187
))
Package: xparse 2019-05-28 L3 Experimental document command parser
\l__xparse_current_arg_int=\count188
\g__xparse_grabber_int=\count189
\l__xparse_m_args_int=\count190
\l__xparse_v_nesting_int=\count191
)
Package: fontspec 2019/03/15 v2.7c Font selection for XeLaTeX and LuaLaTeX
("C:\Program Files\MiKTeX 2.9\tex/latex/fontspec\fontspec-xetex.sty"
Package: fontspec-xetex 2019/03/15 v2.7c Font selection for XeLaTeX and LuaLaTe
X
\l__fontspec_script_int=\count192
\l__fontspec_language_int=\count193
\l__fontspec_strnum_int=\count194
\l__fontspec_tmp_int=\count195
\l__fontspec_tmpa_int=\count196
\l__fontspec_tmpb_int=\count197
\l__fontspec_tmpc_int=\count198
\l__fontspec_em_int=\count199
\l__fontspec_emdef_int=\count266
\l__fontspec_strong_int=\count267
\l__fontspec_strongdef_int=\count268
\l__fontspec_tmpa_dim=\dimen144
\l__fontspec_tmpb_dim=\dimen145
\l__fontspec_tmpc_dim=\dimen146
("C:\Program Files\MiKTeX 2.9\tex/latex/base\fontenc.sty"
Package: fontenc 2018/08/11 v2.0j Standard LaTeX package
("C:\Program Files\MiKTeX 2.9\tex/latex/base\tuenc.def"
File: tuenc.def 2018/08/11 v2.0j Standard LaTeX file
LaTeX Font Info:    Redeclaring font encoding TU on input line 82.
)) ("C:\Program Files\MiKTeX 2.9\tex/latex/fontspec\fontspec.cfg")
LaTeX Info: Redefining \itshape on input line 4051.
LaTeX Info: Redefining \slshape on input line 4056.
LaTeX Info: Redefining \scshape on input line 4061.
LaTeX Info: Redefining \upshape on input line 4066.
LaTeX Info: Redefining \em on input line 4096.
LaTeX Info: Redefining \emph on input line 4121.
)) ("C:\Program Files\MiKTeX 2.9\tex/latex/xkeyval\xkeyval.sty"
Package: xkeyval 2014/12/03 v2.7a package option processing (HA)
("C:\Program Files\MiKTeX 2.9\tex/generic/xkeyval\xkeyval.tex" ("C:\Program Fil
es\MiKTeX 2.9\tex/generic/xkeyval\xkvutils.tex"
\XKV@toks=\toks20
\XKV@tempa@toks=\toks21
("C:\Program Files\MiKTeX 2.9\tex/generic/xkeyval\keyval.tex"))
\XKV@depth=\count269
File: xkeyval.tex 2014/12/03 v2.7a key=value parser (HA)
))
\c@eu@=\count270
\c@eu@i=\count271
\c@mkern=\count272
) ("C:\Program Files\MiKTeX 2.9\tex/latex/upquote\upquote.sty"
Package: upquote 2012/04/19 v1.3 upright-quote and grave-accent glyphs in verba
tim
("C:\Program Files\MiKTeX 2.9\tex/latex/base\textcomp.sty"
Package: textcomp 2018/08/11 v2.0j Standard LaTeX package
Package textcomp Info: Sub-encoding information:
(textcomp)               5 = only ISO-Adobe without \textcurrency
(textcomp)               4 = 5 + \texteuro
(textcomp)               3 = 4 + \textohm
(textcomp)               2 = 3 + \textestimated + \textcurrency
(textcomp)               1 = TS1 - \textcircled - \t
(textcomp)               0 = TS1 (full)
(textcomp)             Font families with sub-encoding setting implement
(textcomp)             only a restricted character set as indicated.
(textcomp)             Family '?' is the default used for unknown fonts.
(textcomp)             See the documentation for details.
Package textcomp Info: Setting ? sub-encoding to TS1/1 on input line 79.
("C:\Program Files\MiKTeX 2.9\tex/latex/base\ts1enc.def"
File: ts1enc.def 2001/06/05 v3.0e (jk/car/fm) Standard LaTeX file
)
LaTeX Info: Redefining \oldstylenums on input line 334.
Package textcomp Info: Setting cmr sub-encoding to TS1/0 on input line 349.
Package textcomp Info: Setting cmss sub-encoding to TS1/0 on input line 350.
Package textcomp Info: Setting cmtt sub-encoding to TS1/0 on input line 351.
Package textcomp Info: Setting cmvtt sub-encoding to TS1/0 on input line 352.
Package textcomp Info: Setting cmbr sub-encoding to TS1/0 on input line 353.
Package textcomp Info: Setting cmtl sub-encoding to TS1/0 on input line 354.
Package textcomp Info: Setting ccr sub-encoding to TS1/0 on input line 355.
Package textcomp Info: Setting ptm sub-encoding to TS1/4 on input line 356.
Package textcomp Info: Setting pcr sub-encoding to TS1/4 on input line 357.
Package textcomp Info: Setting phv sub-encoding to TS1/4 on input line 358.
Package textcomp Info: Setting ppl sub-encoding to TS1/3 on input line 359.
Package textcomp Info: Setting pag sub-encoding to TS1/4 on input line 360.
Package textcomp Info: Setting pbk sub-encoding to TS1/4 on input line 361.
Package textcomp Info: Setting pnc sub-encoding to TS1/4 on input line 362.
Package textcomp Info: Setting pzc sub-encoding to TS1/4 on input line 363.
Package textcomp Info: Setting bch sub-encoding to TS1/4 on input line 364.
Package textcomp Info: Setting put sub-encoding to TS1/5 on input line 365.
Package textcomp Info: Setting uag sub-encoding to TS1/5 on input line 366.
Package textcomp Info: Setting ugq sub-encoding to TS1/5 on input line 367.
Package textcomp Info: Setting ul8 sub-encoding to TS1/4 on input line 368.
Package textcomp Info: Setting ul9 sub-encoding to TS1/4 on input line 369.
Package textcomp Info: Setting augie sub-encoding to TS1/5 on input line 370.
Package textcomp Info: Setting dayrom sub-encoding to TS1/3 on input line 371.
Package textcomp Info: Setting dayroms sub-encoding to TS1/3 on input line 372.

Package textcomp Info: Setting pxr sub-encoding to TS1/0 on input line 373.
Package textcomp Info: Setting pxss sub-encoding to TS1/0 on input line 374.
Package textcomp Info: Setting pxtt sub-encoding to TS1/0 on input line 375.
Package textcomp Info: Setting txr sub-encoding to TS1/0 on input line 376.
Package textcomp Info: Setting txss sub-encoding to TS1/0 on input line 377.
Package textcomp Info: Setting txtt sub-encoding to TS1/0 on input line 378.
Package textcomp Info: Setting lmr sub-encoding to TS1/0 on input line 379.
Package textcomp Info: Setting lmdh sub-encoding to TS1/0 on input line 380.
Package textcomp Info: Setting lmss sub-encoding to TS1/0 on input line 381.
Package textcomp Info: Setting lmssq sub-encoding to TS1/0 on input line 382.
Package textcomp Info: Setting lmvtt sub-encoding to TS1/0 on input line 383.
Package textcomp Info: Setting lmtt sub-encoding to TS1/0 on input line 384.
Package textcomp Info: Setting qhv sub-encoding to TS1/0 on input line 385.
Package textcomp Info: Setting qag sub-encoding to TS1/0 on input line 386.
Package textcomp Info: Setting qbk sub-encoding to TS1/0 on input line 387.
Package textcomp Info: Setting qcr sub-encoding to TS1/0 on input line 388.
Package textcomp Info: Setting qcs sub-encoding to TS1/0 on input line 389.
Package textcomp Info: Setting qpl sub-encoding to TS1/0 on input line 390.
Package textcomp Info: Setting qtm sub-encoding to TS1/0 on input line 391.
Package textcomp Info: Setting qzc sub-encoding to TS1/0 on input line 392.
Package textcomp Info: Setting qhvc sub-encoding to TS1/0 on input line 393.
Package textcomp Info: Setting futs sub-encoding to TS1/4 on input line 394.
Package textcomp Info: Setting futx sub-encoding to TS1/4 on input line 395.
Package textcomp Info: Setting futj sub-encoding to TS1/4 on input line 396.
Package textcomp Info: Setting hlh sub-encoding to TS1/3 on input line 397.
Package textcomp Info: Setting hls sub-encoding to TS1/3 on input line 398.
Package textcomp Info: Setting hlst sub-encoding to TS1/3 on input line 399.
Package textcomp Info: Setting hlct sub-encoding to TS1/5 on input line 400.
Package textcomp Info: Setting hlx sub-encoding to TS1/5 on input line 401.
Package textcomp Info: Setting hlce sub-encoding to TS1/5 on input line 402.
Package textcomp Info: Setting hlcn sub-encoding to TS1/5 on input line 403.
Package textcomp Info: Setting hlcw sub-encoding to TS1/5 on input line 404.
Package textcomp Info: Setting hlcf sub-encoding to TS1/5 on input line 405.
Package textcomp Info: Setting pplx sub-encoding to TS1/3 on input line 406.
Package textcomp Info: Setting pplj sub-encoding to TS1/3 on input line 407.
Package textcomp Info: Setting ptmx sub-encoding to TS1/4 on input line 408.
Package textcomp Info: Setting ptmj sub-encoding to TS1/4 on input line 409.
)) ("C:\Program Files\MiKTeX 2.9\tex/latex/microtype\microtype.sty"
Package: microtype 2019/02/28 v2.7b Micro-typographical refinements (RS)
\MT@toks=\toks22
\MT@count=\count273
LaTeX Info: Redefining \textls on input line 790.
\MT@outer@kern=\dimen147
LaTeX Info: Redefining \textmicrotypecontext on input line 1336.
\MT@listname@count=\count274
("C:\Program Files\MiKTeX 2.9\tex/latex/microtype\microtype-xetex.def"
File: microtype-xetex.def 2019/02/28 v2.7b Definitions specific to xetex (RS)
LaTeX Info: Redefining \lsstyle on input line 258.
)
Package microtype Info: Loading configuration file microtype.cfg.
("C:\Program Files\MiKTeX 2.9\tex/latex/microtype\microtype.cfg"
File: microtype.cfg 2019/02/28 v2.7b microtype main configuration file (RS)
)) ("C:\Program Files\MiKTeX 2.9\tex/latex/geometry\geometry.sty"
Package: geometry 2018/04/16 v5.8 Page Geometry
("C:\Program Files\MiKTeX 2.9\tex/generic/oberdiek\ifpdf.sty"
Package: ifpdf 2018/09/07 v3.3 Provides the ifpdf switch
) ("C:\Program Files\MiKTeX 2.9\tex/generic/oberdiek\ifvtex.sty"
Package: ifvtex 2016/05/16 v1.6 Detect VTeX and its facilities (HO)
Package ifvtex Info: VTeX not detected.
)
\Gm@cnth=\count275
\Gm@cntv=\count276
\c@Gm@tempcnt=\count277
\Gm@bindingoffset=\dimen148
\Gm@wd@mp=\dimen149
\Gm@odd@mp=\dimen150
\Gm@even@mp=\dimen151
\Gm@layoutwidth=\dimen152
\Gm@layoutheight=\dimen153
\Gm@layouthoffset=\dimen154
\Gm@layoutvoffset=\dimen155
\Gm@dimlist=\toks23
("C:\Program Files\MiKTeX 2.9\tex/xelatex/xetexconfig\geometry.cfg")) ("C:\Prog
ram Files\MiKTeX 2.9\tex/latex/hyperref\hyperref.sty"
Package: hyperref 2019/06/12 v6.88h Hypertext links for LaTeX
("C:\Program Files\MiKTeX 2.9\tex/generic/oberdiek\hobsub-hyperref.sty"
Package: hobsub-hyperref 2016/05/16 v1.14 Bundle oberdiek, subset hyperref (HO)

("C:\Program Files\MiKTeX 2.9\tex/generic/oberdiek\hobsub-generic.sty"
Package: hobsub-generic 2016/05/16 v1.14 Bundle oberdiek, subset generic (HO)
Package: hobsub 2016/05/16 v1.14 Construct package bundles (HO)
Package: infwarerr 2016/05/16 v1.4 Providing info/warning/error messages (HO)
Package: ltxcmds 2016/05/16 v1.23 LaTeX kernel commands for general use (HO)
Package hobsub Info: Skipping package `ifluatex' (already loaded).
Package hobsub Info: Skipping package `ifvtex' (already loaded).
Package: intcalc 2016/05/16 v1.2 Expandable calculations with integers (HO)
Package hobsub Info: Skipping package `ifpdf' (already loaded).
Package: etexcmds 2016/05/16 v1.6 Avoid name clashes with e-TeX commands (HO)
Package: kvsetkeys 2016/05/16 v1.17 Key value parser (HO)
Package: kvdefinekeys 2016/05/16 v1.4 Define keys (HO)
Package: pdftexcmds 2019/07/25 v0.30 Utility functions of pdfTeX for LuaTeX (HO
)
Package pdftexcmds Info: LuaTeX not detected.
Package pdftexcmds Info: pdfTeX >= 1.30 not detected.
Package pdftexcmds Info: \pdf@primitive is available.
Package pdftexcmds Info: \pdf@ifprimitive is available.
Package pdftexcmds Info: \pdfdraftmode not found.
Package: pdfescape 2016/05/16 v1.14 Implements pdfTeX's escape features (HO)
Package: bigintcalc 2016/05/16 v1.4 Expandable calculations on big integers (HO
)
Package: bitset 2016/05/16 v1.2 Handle bit-vector datatype (HO)
Package: uniquecounter 2016/05/16 v1.3 Provide unlimited unique counter (HO)
)
Package hobsub Info: Skipping package `hobsub' (already loaded).
Package: letltxmacro 2016/05/16 v1.5 Let assignment for LaTeX macros (HO)
Package: hopatch 2016/05/16 v1.3 Wrapper for package hooks (HO)
Package: xcolor-patch 2016/05/16 xcolor patch
Package: atveryend 2016/05/16 v1.9 Hooks at the very end of document (HO)
Package: atbegshi 2016/06/09 v1.18 At begin shipout hook (HO)
Package: refcount 2016/05/16 v3.5 Data extraction from label references (HO)
Package: hycolor 2016/05/16 v1.8 Color options for hyperref/bookmark (HO)
) ("C:\Program Files\MiKTeX 2.9\tex/latex/oberdiek\auxhook.sty"
Package: auxhook 2016/05/16 v1.4 Hooks for auxiliary files (HO)
) ("C:\Program Files\MiKTeX 2.9\tex/latex/oberdiek\kvoptions.sty"
Package: kvoptions 2016/05/16 v3.12 Key value format for package options (HO)
)
\@linkdim=\dimen156
\Hy@linkcounter=\count278
\Hy@pagecounter=\count279
("C:\Program Files\MiKTeX 2.9\tex/latex/hyperref\pd1enc.def"
File: pd1enc.def 2019/06/12 v6.88h Hyperref: PDFDocEncoding definition (HO)
)
\Hy@SavedSpaceFactor=\count280
("C:\Program Files\MiKTeX 2.9\tex/latex/00miktex\hyperref.cfg"
File: hyperref.cfg 2002/06/06 v1.2 hyperref configuration of TeXLive
)
Package hyperref Info: Hyper figures OFF on input line 4550.
Package hyperref Info: Link nesting OFF on input line 4555.
Package hyperref Info: Hyper index ON on input line 4558.
Package hyperref Info: Plain pages OFF on input line 4565.
Package hyperref Info: Backreferencing OFF on input line 4570.
Package hyperref Info: Implicit mode ON; LaTeX internals redefined.
Package hyperref Info: Bookmarks ON on input line 4803.
\c@Hy@tempcnt=\count281
("C:\Program Files\MiKTeX 2.9\tex/latex/url\url.sty"
\Urlmuskip=\muskip17
Package: url 2013/09/16  ver 3.4  Verb mode for urls, etc.
)
LaTeX Info: Redefining \url on input line 5156.
\XeTeXLinkMargin=\dimen157
\Fld@menulength=\count282
\Field@Width=\dimen158
\Fld@charsize=\dimen159
Package hyperref Info: Hyper figures OFF on input line 6411.
Package hyperref Info: Link nesting OFF on input line 6416.
Package hyperref Info: Hyper index ON on input line 6419.
Package hyperref Info: backreferencing OFF on input line 6426.
Package hyperref Info: Link coloring OFF on input line 6431.
Package hyperref Info: Link coloring with OCG OFF on input line 6436.
Package hyperref Info: PDF/A mode OFF on input line 6441.
LaTeX Info: Redefining \ref on input line 6481.
LaTeX Info: Redefining \pageref on input line 6485.
\Hy@abspage=\count283
\c@Item=\count284
\c@Hfootnote=\count285
)
Package hyperref Info: Driver (autodetected): hxetex.
("C:\Program Files\MiKTeX 2.9\tex/latex/hyperref\hxetex.def"
File: hxetex.def 2019/06/12 v6.88h Hyperref driver for XeTeX
("C:\Program Files\MiKTeX 2.9\tex/latex/hyperref\puenc.def"
File: puenc.def 2019/06/12 v6.88h Hyperref: PDF Unicode definition (HO)
) ("C:\Program Files\MiKTeX 2.9\tex/generic/oberdiek\stringenc.sty"
Package: stringenc 2016/05/16 v1.11 Convert strings between diff. encodings (HO
)
)
\pdfm@box=\box48
\c@Hy@AnnotLevel=\count286
\HyField@AnnotCount=\count287
\Fld@listcount=\count288
\c@bookmark@seq@number=\count289
("C:\Program Files\MiKTeX 2.9\tex/latex/oberdiek\rerunfilecheck.sty"
Package: rerunfilecheck 2016/05/16 v1.8 Rerun checks for auxiliary files (HO)
Package uniquecounter Info: New unique counter `rerunfilecheck' on input line 2
82.
)
\Hy@SectionHShift=\skip52
)
Package hyperref Info: Option `unicode' set `true' on input line 30.
("C:\Program Files\MiKTeX 2.9\tex/generic/oberdiek\se-ascii-print.def"
File: se-ascii-print.def 2016/05/16 v1.11 stringenc: Printable ASCII characters

)
Package hyperref Info: Option `breaklinks' set `true' on input line 30.
("C:\Program Files\MiKTeX 2.9\tex/latex/polyglossia\polyglossia.sty"
Package: polyglossia 2019/04/04 v1.44 Alternative to Babel for XeLaTeX and LuaL
aTeX
("C:\Program Files\MiKTeX 2.9\tex/latex/makecmds\makecmds.sty"
Package: makecmds 2009/09/03 v1.0a extra command making commands
)
\xpg@normalclass=\XeTeXcharclass1
) ("C:\Program Files\MiKTeX 2.9\tex/latex/polyglossia\gloss-brazil.ldf"
File: gloss-brazil.ldf polyglossia: module for portuguese
)
Package polyglossia Info: Default language is brazil.
("C:\Program Files\MiKTeX 2.9\tex/latex/graphics\color.sty"
Package: color 2016/07/10 v1.1e Standard LaTeX Color (DPC)
("C:\Program Files\MiKTeX 2.9\tex/latex/graphics-cfg\color.cfg"
File: color.cfg 2016/01/02 v1.6 sample color configuration
)
Package color Info: Driver file: xetex.def on input line 147.
("C:\Program Files\MiKTeX 2.9\tex/latex/graphics-def\xetex.def"
File: xetex.def 2017/06/24 v5.0h Graphics/color driver for xetex
)) ("C:\Program Files\MiKTeX 2.9\tex/latex/fancyvrb\fancyvrb.sty"
Package: fancyvrb 2019/01/15
Style option: `fancyvrb' v3.2a <2019/01/15> (tvz)
\FV@CodeLineNo=\count290
\FV@InFile=\read2
\FV@TabBox=\box49
\c@FancyVerbLine=\count291
\FV@StepNumber=\count292
\FV@OutFile=\write3
) ("C:\Program Files\MiKTeX 2.9\tex/latex/framed\framed.sty"
Package: framed 2011/10/22 v 0.96: framed or shaded text with page breaks
\OuterFrameSep=\skip53
\fb@frw=\dimen160
\fb@frh=\dimen161
\FrameRule=\dimen162
\FrameSep=\dimen163
) ("C:\Program Files\MiKTeX 2.9\tex/latex/tools\longtable.sty"
Package: longtable 2014/10/28 v4.11 Multi-page Table package (DPC)+ FMi change
\LTleft=\skip54
\LTright=\skip55
\LTpre=\skip56
\LTpost=\skip57
\LTchunksize=\count293
\LTcapwidth=\dimen164
\LT@head=\box50
\LT@firsthead=\box51
\LT@foot=\box52
\LT@lastfoot=\box53
\LT@cols=\count294
\LT@rows=\count295
\c@LT@tables=\count296
\c@LT@chunks=\count297
\LT@p@ftn=\toks24
) ("C:\Program Files\MiKTeX 2.9\tex/latex/booktabs\booktabs.sty"
Package: booktabs 2005/04/14 v1.61803 publication quality tables
\heavyrulewidth=\dimen165
\lightrulewidth=\dimen166
\cmidrulewidth=\dimen167
\belowrulesep=\dimen168
\belowbottomsep=\dimen169
\aboverulesep=\dimen170
\abovetopsep=\dimen171
\cmidrulesep=\dimen172
\cmidrulekern=\dimen173
\defaultaddspace=\dimen174
\@cmidla=\count298
\@cmidlb=\count299
\@aboverulesep=\dimen175
\@belowrulesep=\dimen176
\@thisruleclass=\count300
\@lastruleclass=\count301
\@thisrulewidth=\dimen177
) ("C:\Program Files\MiKTeX 2.9\tex/latex/graphics\graphicx.sty"
Package: graphicx 2017/06/01 v1.1a Enhanced LaTeX Graphics (DPC,SPQR)
("C:\Program Files\MiKTeX 2.9\tex/latex/graphics\graphics.sty"
Package: graphics 2017/06/25 v1.2c Standard LaTeX Graphics (DPC,SPQR)
("C:\Program Files\MiKTeX 2.9\tex/latex/graphics\trig.sty"
Package: trig 2016/01/03 v1.10 sin cos tan (DPC)
) ("C:\Program Files\MiKTeX 2.9\tex/latex/graphics-cfg\graphics.cfg"
File: graphics.cfg 2016/06/04 v1.11 sample graphics configuration
)
Package graphics Info: Driver file: xetex.def on input line 99.
)
\Gin@req@height=\dimen178
\Gin@req@width=\dimen179
) ("C:\Program Files\MiKTeX 2.9\tex/latex/oberdiek\grffile.sty"
Package: grffile 2017/06/30 v1.18 Extended file name support for graphics (HO)
Package grffile Info: Option `multidot' is set to `true'.
Package grffile Info: Option `extendedchars' is set to `false'.
Package grffile Info: Option `space' is set to `true'.
Package grffile Info: \Gin@ii of package `graphicx' fixed on input line 494.
) ("C:\Program Files\MiKTeX 2.9\tex/latex/parskip\parskip.sty"
Package: parskip 2019-01-16 v2.0c non-zero parskip adjustments
) ("C:\Program Files\MiKTeX 2.9\tex/latex/titling\titling.sty"
Package: titling 2009/09/04 v2.1d maketitle typesetting
\thanksmarkwidth=\skip58
\thanksmargin=\skip59
\droptitle=\skip60
) ("C:\Program Files\MiKTeX 2.9\tex/latex/multirow\multirow.sty"
Package: multirow 2019/05/31 v2.5 Span multiple rows of a table
\multirow@colwidth=\skip61
\multirow@cntb=\count302
\multirow@dima=\skip62
\bigstrutjot=\dimen180
) ("C:\Program Files\MiKTeX 2.9\tex/latex/caption\ltcaption.sty"
Package: ltcaption 2018/08/26 v1.4-95 longtable captions (AR)
\LTcapskip=\skip63
\LTcapleft=\skip64
\LTcapright=\skip65
) ("C:\Program Files\MiKTeX 2.9\tex/latex/pdfpages\pdfpages.sty"
Package: pdfpages 2017/10/31 v0.5l Insert pages of external PDF documents (AM)
("C:\Program Files\MiKTeX 2.9\tex/latex/base\ifthen.sty"
Package: ifthen 2014/09/29 v1.1c Standard LaTeX ifthen package (DPC)
) ("C:\Program Files\MiKTeX 2.9\tex/latex/tools\calc.sty"
Package: calc 2017/05/25 v4.3 Infix arithmetic (KKT,FJ)
\calc@Acount=\count303
\calc@Bcount=\count304
\calc@Adimen=\dimen181
\calc@Bdimen=\dimen182
\calc@Askip=\skip66
\calc@Bskip=\skip67
LaTeX Info: Redefining \setlength on input line 80.
LaTeX Info: Redefining \addtolength on input line 81.
\calc@Ccount=\count305
\calc@Cskip=\skip68
) ("C:\Program Files\MiKTeX 2.9\tex/latex/eso-pic\eso-pic.sty"
Package: eso-pic 2018/04/12 v2.0h eso-pic (RN)
)
\AM@pagewidth=\dimen183
\AM@pageheight=\dimen184
("C:\Program Files\MiKTeX 2.9\tex/latex/pdfpages\ppxetex.def"
File: ppxetex.def 2017/10/31 v0.5l Pdfpages driver for XeTeX (AM)
)
\AM@pagebox=\box54
\AM@global@opts=\toks25
\AM@toc@title=\toks26
\c@AM@survey=\count306
\AM@templatesizebox=\box55
) ("C:\Program Files\MiKTeX 2.9\tex/latex/base\fontenc.sty"
Package: fontenc 2018/08/11 v2.0j Standard LaTeX package
("C:\Program Files\MiKTeX 2.9\tex/latex/base\t1enc.def"
File: t1enc.def 2018/08/11 v2.0j Standard LaTeX file
LaTeX Font Info:    Redeclaring font encoding T1 on input line 48.
)
LaTeX Font Info:    Try loading font information for T1+lmr on input line 105.
("C:\Program Files\MiKTeX 2.9\tex/latex/lm\t1lmr.fd"
File: t1lmr.fd 2009/10/30 v1.6 Font defs for Latin Modern
)) ("C:\Program Files\MiKTeX 2.9\tex/latex/base\inputenc.sty"
Package: inputenc 2018/08/11 v1.3c Input encoding file
\inpenc@prehook=\toks27
\inpenc@posthook=\toks28

Package inputenc Warning: inputenc package ignored with utf8 based engines.

) ("C:\Program Files\MiKTeX 2.9\tex/latex/lastpage\lastpage.sty"
Package: lastpage 2015/03/29 v1.2m Refers to last page's name (HMM; JPG)
) ("C:\Program Files\MiKTeX 2.9\tex/latex/tools\indentfirst.sty"
Package: indentfirst 1995/11/23 v1.03 Indent first paragraph (DPC)
) ("C:\Program Files\MiKTeX 2.9\tex/latex/float\float.sty"
Package: float 2001/11/08 v1.3d Float enhancements (AL)
\c@float@type=\count307
\float@exts=\toks29
\float@box=\box56
\@float@everytoks=\toks30
\@floatcapt=\box57
) ("C:\Program Files\MiKTeX 2.9\tex/latex/ragged2e\ragged2e.sty"
Package: ragged2e 2019/07/28 v2.2 ragged2e Package (MS)
("C:\Program Files\MiKTeX 2.9\tex/latex/ms\everysel.sty"
Package: everysel 2011/10/28 v1.2 EverySelectfont Package (MS)
)
\CenteringLeftskip=\skip69
\RaggedLeftLeftskip=\skip70
\RaggedRightLeftskip=\skip71
\CenteringRightskip=\skip72
\RaggedLeftRightskip=\skip73
\RaggedRightRightskip=\skip74
\CenteringParfillskip=\skip75
\RaggedLeftParfillskip=\skip76
\RaggedRightParfillskip=\skip77
\JustifyingParfillskip=\skip78
\CenteringParindent=\skip79
\RaggedLeftParindent=\skip80
\RaggedRightParindent=\skip81
\JustifyingParindent=\skip82
) (livror.aux)
\openout1 = `livror.aux'.

LaTeX Font Info:    Checking defaults for OML/cmm/m/it on input line 163.
LaTeX Font Info:    ... okay on input line 163.
LaTeX Font Info:    Checking defaults for T1/cmr/m/n on input line 163.
LaTeX Font Info:    ... okay on input line 163.
LaTeX Font Info:    Checking defaults for OT1/cmr/m/n on input line 163.
LaTeX Font Info:    ... okay on input line 163.
LaTeX Font Info:    Checking defaults for OMS/cmsy/m/n on input line 163.
LaTeX Font Info:    ... okay on input line 163.
LaTeX Font Info:    Checking defaults for TU/lmr/m/n on input line 163.
LaTeX Font Info:    ... okay on input line 163.
LaTeX Font Info:    Checking defaults for OMX/cmex/m/n on input line 163.
LaTeX Font Info:    ... okay on input line 163.
LaTeX Font Info:    Checking defaults for U/cmr/m/n on input line 163.
LaTeX Font Info:    ... okay on input line 163.
LaTeX Font Info:    Checking defaults for TS1/cmr/m/n on input line 163.
LaTeX Font Info:    Try loading font information for TS1+cmr on input line 163.

("C:\Program Files\MiKTeX 2.9\tex/latex/base\ts1cmr.fd"
File: ts1cmr.fd 2014/09/29 v2.5h Standard LaTeX font definitions
)
LaTeX Font Info:    ... okay on input line 163.
LaTeX Font Info:    Checking defaults for PD1/pdf/m/n on input line 163.
LaTeX Font Info:    ... okay on input line 163.
LaTeX Font Info:    Checking defaults for PU/pdf/m/n on input line 163.
LaTeX Font Info:    ... okay on input line 163.
LaTeX Info: Redefining \microtypecontext on input line 163.
Package microtype Info: Character protrusion enabled (level 2).
Package microtype Info: Using protrusion set `basicmath'.
Package microtype Info: No adjustment of tracking.
Package microtype Info: No adjustment of spacing.
Package microtype Info: No adjustment of kerning.
("C:\Program Files\MiKTeX 2.9\tex/latex/microtype\mt-LatinModernRoman.cfg"
File: mt-LatinModernRoman.cfg 2013/03/13 v1.0 microtype config. file: Latin Mod
ern Roman (RS)
)
Package microtype Info: Loading generic protrusion settings for font family
(microtype)             `lmr' (encoding: T1).
(microtype)             For optimal results, create family-specific settings.
(microtype)             See the microtype manual for details.
*geometry* detected driver: pdftex
*geometry* verbose mode - [ preamble ] result:
* driver: pdftex
* paper: <default>
* layout: <same size as paper>
* layoutoffset:(h,v)=(0.0pt,0.0pt)
* modes: 
* h-part:(L,W,R)=(72.26999pt, 469.75502pt, 72.26999pt)
* v-part:(T,H,B)=(72.26999pt, 650.43001pt, 72.26999pt)
* \paperwidth=614.295pt
* \paperheight=794.96999pt
* \textwidth=469.75502pt
* \textheight=650.43001pt
* \oddsidemargin=0.0pt
* \evensidemargin=0.0pt
* \topmargin=-31.8738pt
* \headheight=12.0pt
* \headsep=19.8738pt
* \topskip=12.0pt
* \footskip=30.0pt
* \marginparwidth=47.0pt
* \marginparsep=7.0pt
* \columnsep=10.0pt
* \skip\footins=10.8pt plus 4.0pt minus 2.0pt
* \hoffset=0.0pt
* \voffset=0.0pt
* \mag=1000
* \@twocolumnfalse
* \@twosidefalse
* \@mparswitchfalse
* \@reversemarginfalse
* (1in=72.27pt=25.4mm, 1cm=28.453pt)

\AtBeginShipoutBox=\box58
Package hyperref Info: Link coloring OFF on input line 163.
("C:\Program Files\MiKTeX 2.9\tex/latex/hyperref\nameref.sty"
Package: nameref 2016/05/21 v2.44 Cross-referencing by name of section
("C:\Program Files\MiKTeX 2.9\tex/generic/oberdiek\gettitlestring.sty"
Package: gettitlestring 2016/05/16 v1.5 Cleanup title references (HO)
)
\c@section@level=\count308
)
LaTeX Info: Redefining \ref on input line 163.
LaTeX Info: Redefining \pageref on input line 163.
LaTeX Info: Redefining \nameref on input line 163.
(livror.out) (livror.out)
\@outlinefile=\write4
\openout4 = `livror.out'.

("C:\Program Files\MiKTeX 2.9\tex/latex/oberdiek\pdflscape.sty"
Package: pdflscape 2016/05/14 v0.11 Display of landscape pages in PDF (HO)
("C:\Program Files\MiKTeX 2.9\tex/latex/graphics\lscape.sty"
Package: lscape 2000/10/22 v3.01 Landscape Pages (DPC)
)
Package pdflscape Info: Auto-detected driver: dvipdfm (xetex) on input line 99.

)
Package lastpage Info: Please have a look at the pageslts package at
(lastpage)             https://www.ctan.org/pkg/pageslts
(lastpage)             ! on input line 163.
ABD: EverySelectfont initializing macros
LaTeX Info: Redefining \selectfont on input line 163.
[1


] (livror.toc
LaTeX Font Info:    Try loading font information for OT1+lmr on input line 4.
("C:\Program Files\MiKTeX 2.9\tex/latex/lm\ot1lmr.fd"
File: ot1lmr.fd 2009/10/30 v1.6 Font defs for Latin Modern
)
Package microtype Info: Loading generic protrusion settings for font family
(microtype)             `lmr' (encoding: OT1).
(microtype)             For optimal results, create family-specific settings.
(microtype)             See the microtype manual for details.
LaTeX Font Info:    Try loading font information for OML+lmm on input line 4.
("C:\Program Files\MiKTeX 2.9\tex/latex/lm\omllmm.fd"
File: omllmm.fd 2009/10/30 v1.6 Font defs for Latin Modern
)
LaTeX Font Info:    Try loading font information for OMS+lmsy on input line 4.
("C:\Program Files\MiKTeX 2.9\tex/latex/lm\omslmsy.fd"
File: omslmsy.fd 2009/10/30 v1.6 Font defs for Latin Modern
)
LaTeX Font Info:    Try loading font information for OMX+lmex on input line 4.
("C:\Program Files\MiKTeX 2.9\tex/latex/lm\omxlmex.fd"
File: omxlmex.fd 2009/10/30 v1.6 Font defs for Latin Modern
)
LaTeX Font Info:    External font `lmex10' loaded for size
(Font)              <12> on input line 4.
LaTeX Font Info:    External font `lmex10' loaded for size
(Font)              <8> on input line 4.
LaTeX Font Info:    External font `lmex10' loaded for size
(Font)              <6> on input line 4.
LaTeX Font Info:    Try loading font information for U+msa on input line 4.
("C:\Program Files\MiKTeX 2.9\tex/latex/amsfonts\umsa.fd"
File: umsa.fd 2013/01/14 v3.01 AMS symbols A
) ("C:\Program Files\MiKTeX 2.9\tex/latex/microtype\mt-msa.cfg"
File: mt-msa.cfg 2006/02/04 v1.1 microtype config. file: AMS symbols (a) (RS)
)
LaTeX Font Info:    Try loading font information for U+msb on input line 4.
("C:\Program Files\MiKTeX 2.9\tex/latex/amsfonts\umsb.fd"
File: umsb.fd 2013/01/14 v3.01 AMS symbols B
) ("C:\Program Files\MiKTeX 2.9\tex/latex/microtype\mt-msb.cfg"
File: mt-msb.cfg 2005/06/01 v1.0 microtype config. file: AMS symbols (b) (RS)
) [1

])
\tf@toc=\write5
\openout5 = `livror.toc'.

[2]
Capítulo 1.
LaTeX Font Info:    Try loading font information for TS1+lmr on input line 195.

("C:\Program Files\MiKTeX 2.9\tex/latex/lm\ts1lmr.fd"
File: ts1lmr.fd 2009/10/30 v1.6 Font defs for Latin Modern
)
File: paineis.png Graphic file (type bmp)
<paineis.png>
[3

]
LaTeX Font Info:    Try loading font information for T1+lmtt on input line 231.

("C:\Program Files\MiKTeX 2.9\tex/latex/lm\t1lmtt.fd"
File: t1lmtt.fd 2009/10/30 v1.6 Font defs for Latin Modern
)
File: pacotes1.png Graphic file (type bmp)
<pacotes1.png>
[4]
File: pacotes2.png Graphic file (type bmp)
<pacotes2.png>

Underfull \hbox (badness 1622) in paragraph at lines 260--261
[]\T1/lmr/m/n/12 A mesma fun-ção, para ins-ta-la-ção de um pa-cote, pode ser ef
e-tu-ada di-re-ta-
 []

[5]
File: r3.png Graphic file (type bmp)
<r3.png>
[6]
File: r4.png Graphic file (type bmp)
<r4.png>
[7]
File: r4csv.png Graphic file (type bmp)
<r4csv.png>
File: r6.png Graphic file (type bmp)
<r6.png>
[8] [9]
LaTeX Font Info:    Font shape `T1/lmtt/bx/n' in size <12> not available
(Font)              Font shape `T1/lmtt/b/n' tried instead on input line 424.
[10] [11] [12]
LaTeX Font Info:    Try loading font information for TS1+lmtt on input line 759
.
("C:\Program Files\MiKTeX 2.9\tex/latex/lm\ts1lmtt.fd"
File: ts1lmtt.fd 2009/10/30 v1.6 Font defs for Latin Modern
) [13] [14]
Overfull \hbox (18.07022pt too wide) in paragraph at lines 909--909
[]\T1/lmtt/m/n/12 Species :  Factor w/ 3 levels "setosa","versicolor",..: 1 1 1
 1 1 1 1 1 1 1 ...[] 
 []

[15] [16] [17] [18] [19] [20] [21] [22] [23]
Underfull \hbox (badness 3417) in paragraph at lines 1545--1546
[]\T1/lmr/m/n/12 Nota-se que cons-tam 5 va-riá-veis (``name'', ``height'', ``ma
ss'', ``hair_color'',
 []


Overfull \hbox (18.07022pt too wide) in paragraph at lines 1599--1599
[]               \T1/lmtt/m/n/12 blue          blue, grey               brown  
      brown mottle[] 
 []


Overfull \hbox (18.07022pt too wide) in paragraph at lines 1599--1599
[]                  \T1/lmtt/m/n/12 2                   2                   4  
                 1[] 
 []


Overfull \hbox (18.07022pt too wide) in paragraph at lines 1599--1599
[]       \T1/lmtt/m/n/12 brown, white                dark                fair f
air, green, yellow[] 
 []


Overfull \hbox (18.06322pt too wide) in paragraph at lines 1599--1599
[]                  \T1/lmtt/m/n/12 1                   6                  17  
                 1[] 
 []


Overfull \hbox (18.07022pt too wide) in paragraph at lines 1599--1599
[]               \T1/lmtt/m/n/12 gold               green    green-tan, brown  
       green, grey[] 
 []


Overfull \hbox (18.06322pt too wide) in paragraph at lines 1599--1599
[]                  \T1/lmtt/m/n/12 1                   6                   1  
                 1[] 
 []


Overfull \hbox (18.07022pt too wide) in paragraph at lines 1599--1599
[]               \T1/lmtt/m/n/12 grey          grey, blue grey, green, yellow  
         grey, red[] 
 []


Overfull \hbox (18.06322pt too wide) in paragraph at lines 1599--1599
[]                  \T1/lmtt/m/n/12 6                   1                   1  
                 1[] 
 []

[24]
Overfull \hbox (18.07022pt too wide) in paragraph at lines 1599--1599
[]              \T1/lmtt/m/n/12 light               metal       mottled green  
              none[] 
 []


Overfull \hbox (18.07022pt too wide) in paragraph at lines 1599--1599
[]                 \T1/lmtt/m/n/12 11                   1                   1  
                 1[] 
 []


Overfull \hbox (18.07022pt too wide) in paragraph at lines 1599--1599
[]             \T1/lmtt/m/n/12 orange                pale                 red  
  red, blue, white[] 
 []


Overfull \hbox (18.07022pt too wide) in paragraph at lines 1599--1599
[]                  \T1/lmtt/m/n/12 2                   5                   1  
                 1[] 
 []


Overfull \hbox (18.07022pt too wide) in paragraph at lines 1599--1599
[]        \T1/lmtt/m/n/12 silver, red                 tan             unknown  
             white[] 
 []


Overfull \hbox (18.07022pt too wide) in paragraph at lines 1599--1599
[]                  \T1/lmtt/m/n/12 1                   2                   2  
                 2[] 
 []

[25]
File: 95.png Graphic file (type bmp)
<95.png>
[26]
File: 10.png Graphic file (type bmp)
<10.png>
[27] [28] [29] [30] [31]
Overfull \hbox (11.89522pt too wide) in paragraph at lines 2027--2027
[]  \T1/lmtt/m/n/12 faixa etaria binario   classificacao altura      Imc estuda
ntes      cidades[] 
 []


Overfull \hbox (11.88821pt too wide) in paragraph at lines 2027--2027
[]\T1/lmtt/m/n/12 1       adulto       1     peso normal    1.8 20.06173     Ca
mila   Nova Hartz[] 
 []


Overfull \hbox (11.89522pt too wide) in paragraph at lines 2027--2027
[]\T1/lmtt/m/n/12 2   não adulto       0 excesso de peso    1.5 44.44444  Guilh
erme Porto Alegre[] 
 []


Overfull \hbox (11.8672pt too wide) in paragraph at lines 2027--2027
[]\T1/lmtt/m/n/12 3   não adulto       1     peso normal    1.9 22.16066    Mar
celo     Soledade[] 
 []


Overfull \hbox (11.88121pt too wide) in paragraph at lines 2027--2027
[]\T1/lmtt/m/n/12 4   não adulto       0 excesso de peso   1.74 26.09328      P
edro      Gramado[] 
 []


Overfull \hbox (11.88121pt too wide) in paragraph at lines 2027--2027
[]\T1/lmtt/m/n/12 5       adulto       1     peso normal   1.59 23.33768  Franc
isco         Ijuí[] 
 []

[32] [33] [34] [35]
File: tidy-1.png Graphic file (type bmp)
<tidy-1.png>
[36] [37] [38] [39] [40]
Underfull \hbox (badness 1424) in paragraph at lines 2694--2695
[]\T1/lmr/m/n/12 Utilizando o pa-cote \T1/lmtt/m/n/12 stringr \T1/lmr/m/n/12 (W
ICKHAM, []2018[]) com a fun-ção de-no-mi-nada
 []

[41] [42] [43] [44] [45] [46]
Underfull \vbox (badness 10000) detected at line 3173
 []

[47] [48] [49]
Capítulo 2.
[50

] [51]
Overfull \hbox (5.67119pt too wide) in paragraph at lines 3361--3361
[]\T1/lmtt/m/n/12 Altura_(m) :  num [1:348] 1.82 1.9 1.69 1.89 1.9 1.76 1.83 1.
81 1.67 1.55 ...[] 
 []


Overfull \hbox (116.87027pt too wide) in paragraph at lines 3361--3361
[]\T1/lmtt/m/n/12 consumo_anterior :  chr [1:348] "N" "N" "S" "N" "S" "S" "S" "
N" "N" "N" "N" "N" "S" "S" "S" ...[] 
 []


Overfull \hbox (85.99525pt too wide) in paragraph at lines 3361--3361
[]\T1/lmtt/m/n/12 consumo_pos :  chr [1:348] "N" "S" "N" "S" "N" "S" "N" "S" "N
" "S" "S" "S" "S" "S" "S" ...[] 
 []


Overfull \hbox (92.17026pt too wide) in paragraph at lines 3361--3361
[]\T1/lmtt/m/n/12 Divulgacao :  chr [1:348] "Degustacao" "Radio" "TV" "TV" "Deg
ustacao" "TV" "TV" "Radio" ...[] 
 []


Overfull \hbox (67.47025pt too wide) in paragraph at lines 3361--3361
[]\T1/lmtt/m/n/12 Praticidade :  chr [1:348] "Pessima" "Otima" "Boa" "Pessima" 
"Ruim" "Boa" "Regular" ...[] 
 []


Overfull \hbox (48.91022pt too wide) in paragraph at lines 3361--3361
[]\T1/lmtt/m/n/12 Renda_h :  chr [1:348] "1.41" "17.34" "6.86" "2.65" "2.01" "1
1.32" "6.86" "3.25" ...[] 
 []


Overfull \hbox (67.47025pt too wide) in paragraph at lines 3361--3361
[]\T1/lmtt/m/n/12 Sabor :  chr [1:348] "Otimo" "Pessimo" "Bom" "Otimo" "Otimo" 
"Regular" "Ruim" "Bom" ...[] 
 []


Overfull \hbox (18.07022pt too wide) in paragraph at lines 3361--3361
[]\T1/lmtt/m/n/12 Sexo :  chr [1:348] "Feminino" "Feminino" "Feminino" "Feminin
o" "Masculino" ...[] 
 []

[52] [53]
File: index_files/figure-latex/unnamed-chunk-112-1.pdf Graphic file (type pdf)
<use index_files/figure-latex/unnamed-chunk-112-1.pdf>
[54]
Underfull \hbox (badness 10000) in paragraph at lines 3478--3479
[]\T1/lmtt/m/n/12 barplot(table(nome_variável), col=c("blue","red"), main="Títu
lo",
 []


Overfull \hbox (30.42023pt too wide) in paragraph at lines 3478--3479
\T1/lmtt/m/n/12 xlab="Variável do eixo x", ylab = "Informação que consta no eix
o y",border="red") 
 []

File: index_files/figure-latex/unnamed-chunk-113-1.pdf Graphic file (type pdf)
<use index_files/figure-latex/unnamed-chunk-113-1.pdf>
File: index_files/figure-latex/unnamed-chunk-114-1.pdf Graphic file (type pdf)
<use index_files/figure-latex/unnamed-chunk-114-1.pdf>
[55]
File: index_files/figure-latex/unnamed-chunk-115-1.pdf Graphic file (type pdf)
<use index_files/figure-latex/unnamed-chunk-115-1.pdf>
[56]
File: index_files/figure-latex/unnamed-chunk-117-1.pdf Graphic file (type pdf)
<use index_files/figure-latex/unnamed-chunk-117-1.pdf>
[57]
File: index_files/figure-latex/unnamed-chunk-118-1.pdf Graphic file (type pdf)
<use index_files/figure-latex/unnamed-chunk-118-1.pdf>
[58]
File: index_files/figure-latex/unnamed-chunk-119-1.pdf Graphic file (type pdf)
<use index_files/figure-latex/unnamed-chunk-119-1.pdf>
File: index_files/figure-latex/unnamed-chunk-120-1.pdf Graphic file (type pdf)
<use index_files/figure-latex/unnamed-chunk-120-1.pdf>
[59]
File: index_files/figure-latex/unnamed-chunk-121-1.pdf Graphic file (type pdf)
<use index_files/figure-latex/unnamed-chunk-121-1.pdf>
[60]
File: index_files/figure-latex/unnamed-chunk-122-1.pdf Graphic file (type pdf)
<use index_files/figure-latex/unnamed-chunk-122-1.pdf>
[61]
File: index_files/figure-latex/unnamed-chunk-123-1.pdf Graphic file (type pdf)
<use index_files/figure-latex/unnamed-chunk-123-1.pdf>
[62] [63] [64]
Overfull \hbox (10.41113pt too wide) in paragraph at lines 3906--3907
[]\T1/lmtt/m/n/12 plot(x,y1,type="b",main="Título", xlab="Nome_eixo_x",ylab="No
me_eixo_y",
 []

File: index_files/figure-latex/unnamed-chunk-126-1.pdf Graphic file (type pdf)
<use index_files/figure-latex/unnamed-chunk-126-1.pdf>
[65]
Overfull \hbox (53.63615pt too wide) in paragraph at lines 3939--3940
[]\T1/lmtt/m/n/12 legend(xp,yp,c("representação_variável_1 na legenda", "repres
entação_variável_2
 []


Underfull \vbox (badness 10000) detected at line 3986
 []


Overfull \vbox (1.85057pt too high) detected at line 3986
 []

[66]
File: index_files/figure-latex/unnamed-chunk-128-1.pdf Graphic file (type pdf)
<use index_files/figure-latex/unnamed-chunk-128-1.pdf>
[67] [68]
Overfull \hbox (18.0212pt too wide) in paragraph at lines 4186--4186
[] \T1/lmtt/m/n/12 [1] 1.90 1.76 1.83 1.81 1.67 1.55 1.60 1.84 1.80 1.60 1.75 1
.73 1.68 1.81 1.90[] 
 []


Overfull \hbox (17.97917pt too wide) in paragraph at lines 4186--4186
[]\T1/lmtt/m/n/12 [16] 1.80 1.56 1.65 1.60 1.61 1.59 1.75 1.59 1.89 1.62 1.60 1
.50 1.65 1.79 1.65[] 
 []


Overfull \hbox (18.0212pt too wide) in paragraph at lines 4186--4186
[]\T1/lmtt/m/n/12 [31] 1.79 1.67 1.59 1.71 1.60 1.72 1.73 1.65 1.65 1.50 1.57 1
.86 1.85 1.80 1.77[] 
 []

[69] [70]
Capítulo 3.
File: infestat.png Graphic file (type bmp)
<infestat.png>
[71

] [72]
File: testehip1.png Graphic file (type bmp)
<testehip1.png>
[73]
Underfull \hbox (badness 6675) in paragraph at lines 4421--4422
[]\T1/lmr/bx/n/12 Exemplo 2\T1/lmr/m/n/12 : (adap-tado de []$https : / / www . 
passeidireto . com / arquivo / 3802950 /
 []

[74] [75]
Overfull \hbox (19.83365pt too wide) in paragraph at lines 4553--4554
[]\T1/lmr/bx/n/12 Exemplo 3\T1/lmr/m/n/12 : (adap-tado de <www.leg.ufpr.br/~pau
lojus/CE002/pratica/praticase8.xml>
 []

[76]
Underfull \hbox (badness 6675) in paragraph at lines 4596--4597
[]\T1/lmr/bx/n/12 Exemplo 4\T1/lmr/m/n/12 : (adap-tado de []$https : / / www . 
passeidireto . com / arquivo / 5533375 /
 []

[77] [78]
Underfull \hbox (badness 1057) in paragraph at lines 4703--4704
[]\T1/lmr/bx/n/12 Exemplo 6\T1/lmr/m/n/12 : (adap-tado de []$https : / / docs .
 ufpr . br / ~soniaisoldi / TP707 / Aula8 . pdf$[])
 []

[79]
Underfull \hbox (badness 4181) in paragraph at lines 4787--4788
[]\T1/lmr/bx/n/12 Exemplo 9\T1/lmr/m/n/12 : (adap-tado de []$https : / / www . 
passeidireto . com / arquivo / 25297344 /
 []

[80]
File: testehip2.png Graphic file (type bmp)
<testehip2.png>
[81] [82] [83] [84]
Underfull \hbox (badness 1400) in paragraph at lines 5077--5078
[]\T1/lmr/bx/n/12 7.\T1/lmr/m/n/12 ([]$http : / / www . im . ufrj . br / probes
t / Exercicios / C9 _ Exercicios . pdf$[]) Foi ob-tida uma
 []

[85]
Capítulo 4.
[86

] [87] [88] [89] [90] [91]
Missing character: There is no ≥ in font ec-lmr12!
[92] [93] [94]
Overfull \hbox (11.89522pt too wide) in paragraph at lines 5810--5810
[]             \T1/lmtt/m/n/12 Outcome +    Outcome -      Total        Prevale
nce *        Odds[] 
 []


Overfull \hbox (11.88121pt too wide) in paragraph at lines 5810--5810
[]\T1/lmtt/m/n/12 Exposed +           59            8         67               
 88.1        7.38[] 
 []


Overfull \hbox (11.88121pt too wide) in paragraph at lines 5810--5810
[]\T1/lmtt/m/n/12 Exposed -           31           14         45               
 68.9        2.21[] 
 []


Overfull \hbox (11.88121pt too wide) in paragraph at lines 5810--5810
[]\T1/lmtt/m/n/12 Total               90           22        112               
 80.4        4.09[] 
 []

[95] [96]
Missing character: There is no – in font rm-lmr12!
[97] [98]
Capítulo 5.
[99

]
File: correlacao1.png Graphic file (type bmp)
<correlacao1.png>

Overfull \hbox (0.62814pt too wide) in paragraph at lines 5998--5999
[]\T1/lmr/m/n/12 4,0|  
 []


Overfull \hbox (0.92189pt too wide) in paragraph at lines 6000--6001
[]\T1/lmr/m/n/12 6,0|  
 []


Overfull \hbox (0.92189pt too wide) in paragraph at lines 6002--6003
[]\T1/lmr/m/n/12 5,5|  
 []


Overfull \hbox (0.92189pt too wide) in paragraph at lines 6004--6005
[]\T1/lmr/m/n/12 5,0|  
 []


Overfull \hbox (0.92189pt too wide) in paragraph at lines 6006--6007
[]\T1/lmr/m/n/12 6,8|  
 []


Overfull \hbox (0.92189pt too wide) in paragraph at lines 6008--6009
[]\T1/lmr/m/n/12 6,5|  
 []


Overfull \hbox (0.92189pt too wide) in paragraph at lines 6010--6011
[]\T1/lmr/m/n/12 3,5|  
 []


Overfull \hbox (0.62814pt too wide) in paragraph at lines 6012--6013
[]\T1/lmr/m/n/12 4,5|  
 []


Overfull \hbox (0.62814pt too wide) in paragraph at lines 6014--6015
[]\T1/lmr/m/n/12 7,5|  
 []


Overfull \hbox (0.92189pt too wide) in paragraph at lines 6016--6017
[]\T1/lmr/m/n/12 8,0|  
 []


Overfull \hbox (0.92189pt too wide) in paragraph at lines 6018--6019
[]\T1/lmr/m/n/12 5,4|  
 []


Overfull \hbox (0.92189pt too wide) in paragraph at lines 6020--6021
[]\T1/lmr/m/n/12 6,5|  
 []


Overfull \hbox (0.62814pt too wide) in paragraph at lines 6022--6023
[]\T1/lmr/m/n/12 7,7|  
 []


Overfull \hbox (0.62814pt too wide) in paragraph at lines 6024--6025
[]\T1/lmr/m/n/12 7,5|  
 []


Overfull \hbox (0.92189pt too wide) in paragraph at lines 6026--6027
[]\T1/lmr/m/n/12 5,8|  
 []


Overfull \hbox (0.62814pt too wide) in paragraph at lines 6034--6035
[]\T1/lmr/m/n/12 4,0|  
 []


Overfull \hbox (0.92189pt too wide) in paragraph at lines 6036--6037
[]\T1/lmr/m/n/12 6,0|  
 []


Overfull \hbox (0.92189pt too wide) in paragraph at lines 6038--6039
[]\T1/lmr/m/n/12 5,5|  
 []


Overfull \hbox (0.92189pt too wide) in paragraph at lines 6040--6041
[]\T1/lmr/m/n/12 5,0|  
 []


Overfull \hbox (0.92189pt too wide) in paragraph at lines 6042--6043
[]\T1/lmr/m/n/12 6,8|  
 []


Overfull \hbox (0.92189pt too wide) in paragraph at lines 6044--6045
[]\T1/lmr/m/n/12 6,5|  
 []


Overfull \hbox (0.92189pt too wide) in paragraph at lines 6046--6047
[]\T1/lmr/m/n/12 3,5|  
 []


Overfull \hbox (0.62814pt too wide) in paragraph at lines 6048--6049
[]\T1/lmr/m/n/12 4,5|  
 []


Overfull \hbox (0.62814pt too wide) in paragraph at lines 6050--6051
[]\T1/lmr/m/n/12 7,5|  
 []


Overfull \hbox (0.92189pt too wide) in paragraph at lines 6052--6053
[]\T1/lmr/m/n/12 8,0|  
 []


Overfull \hbox (0.92189pt too wide) in paragraph at lines 6054--6055
[]\T1/lmr/m/n/12 5,4|  
 []


Overfull \hbox (0.92189pt too wide) in paragraph at lines 6056--6057
[]\T1/lmr/m/n/12 6,5|  
 []


Overfull \hbox (0.62814pt too wide) in paragraph at lines 6058--6059
[]\T1/lmr/m/n/12 7,7|  
 []


Overfull \hbox (0.62814pt too wide) in paragraph at lines 6060--6061
[]\T1/lmr/m/n/12 7,5|  
 []


Overfull \hbox (0.92189pt too wide) in paragraph at lines 6062--6063
[]\T1/lmr/m/n/12 5,8|  
 []


Overfull \hbox (0.92189pt too wide) in paragraph at lines 6069--6070
[]\T1/lmr/m/n/12 5,5|  
 []


Overfull \hbox (0.62814pt too wide) in paragraph at lines 6071--6072
[]\T1/lmr/m/n/12 7,5|  
 []


Overfull \hbox (0.92189pt too wide) in paragraph at lines 6073--6074
[]\T1/lmr/m/n/12 8,0|  
 []


Overfull \hbox (0.62814pt too wide) in paragraph at lines 6075--6076
[]\T1/lmr/m/n/12 7,0|  
 []


Overfull \hbox (0.92189pt too wide) in paragraph at lines 6077--6078
[]\T1/lmr/m/n/12 8,1|  
 []


Overfull \hbox (0.92189pt too wide) in paragraph at lines 6079--6080
[]\T1/lmr/m/n/12 8,6|  
 []


Overfull \hbox (0.62814pt too wide) in paragraph at lines 6081--6082
[]\T1/lmr/m/n/12 4,7|  
 []


Overfull \hbox (0.62814pt too wide) in paragraph at lines 6083--6084
[]\T1/lmr/m/n/12 7,5|  
 []


Overfull \hbox (0.92189pt too wide) in paragraph at lines 6085--6086
[]\T1/lmr/m/n/12 9,5|  
 []


Overfull \hbox (0.92189pt too wide) in paragraph at lines 6087--6088
[]\T1/lmr/m/n/12 9,5|  
 []


Overfull \hbox (0.62814pt too wide) in paragraph at lines 6089--6090
[]\T1/lmr/m/n/12 7,8|  
 []


Overfull \hbox (0.92189pt too wide) in paragraph at lines 6091--6092
[]\T1/lmr/m/n/12 8,0|  
 []


Overfull \hbox (0.92189pt too wide) in paragraph at lines 6093--6094
[]\T1/lmr/m/n/12 9,1|  
 []


Overfull \hbox (0.92189pt too wide) in paragraph at lines 6095--6096
[]\T1/lmr/m/n/12 9,5|  
 []


Overfull \hbox (0.92189pt too wide) in paragraph at lines 6097--6098
[]\T1/lmr/m/n/12 8,0|  
 []

[100]
File: index_files/figure-latex/diadisp-1.pdf Graphic file (type pdf)
<use index_files/figure-latex/diadisp-1.pdf>
[101]
File: index_files/figure-latex/unnamed-chunk-184-1.pdf Graphic file (type pdf)
<use index_files/figure-latex/unnamed-chunk-184-1.pdf>
[102]
File: regress1.png Graphic file (type bmp)
<regress1.png>
[103]
Overfull \hbox (21.32698pt too wide) detected at line 6264
 [] 
 []

[104] [105] [106] [107] [108]
File: index_files/figure-latex/unnamed-chunk-187-1.pdf Graphic file (type pdf)
<use index_files/figure-latex/unnamed-chunk-187-1.pdf>
[109] [110]
File: residuos1.png Graphic file (type bmp)
<residuos1.png>
[111]
File: index_files/figure-latex/residuos1-1.pdf Graphic file (type pdf)
<use index_files/figure-latex/residuos1-1.pdf>
[112]
File: index_files/figure-latex/residuos2-1.pdf Graphic file (type pdf)
<use index_files/figure-latex/residuos2-1.pdf>
File: index_files/figure-latex/qqnorm-1.pdf Graphic file (type pdf)
<use index_files/figure-latex/qqnorm-1.pdf>
[113]
File: index_files/figure-latex/histresid-1.pdf Graphic file (type pdf)
<use index_files/figure-latex/histresid-1.pdf>
[114] [115]
File: index_files/figure-latex/residpad-1.pdf Graphic file (type pdf)
<use index_files/figure-latex/residpad-1.pdf>
[116]
File: index_files/figure-latex/residst-1.pdf Graphic file (type pdf)
<use index_files/figure-latex/residst-1.pdf>
[117]
File: index_files/figure-latex/ptoinf-1.pdf Graphic file (type pdf)
<use index_files/figure-latex/ptoinf-1.pdf>
[118] [119]
Capítulo 6.
File: rmarkdown.png Graphic file (type bmp)
<rmarkdown.png>
[120

]
File: criararq1.png Graphic file (type bmp)
<criararq1.png>
File: compilar.png Graphic file (type bmp)
<compilar.png>
[121]
File: errocodif.png Graphic file (type bmp)
<errocodif.png>
[122]
File: rmark2.png Graphic file (type bmp)
<rmark2.png>
File: rmarktit.png Graphic file (type bmp)
<rmarktit.png>
[123]
File: rmarkform.png Graphic file (type bmp)
<rmarkform.png>
[124]
File: rmarklinks.png Graphic file (type bmp)
<rmarklinks.png>
File: rmarkimg.png Graphic file (type bmp)
<rmarkimg.png>
File: rmarklist.png Graphic file (type bmp)
<rmarklist.png>
[125]
File: rmarktab.png Graphic file (type bmp)
<rmarktab.png>
File: rmarkrodape.png Graphic file (type bmp)
<rmarkrodape.png>
[126]
File: rmarkautor.png Graphic file (type bmp)
<rmarkautor.png>
[127]
File: abstract.png Graphic file (type bmp)
<abstract.png>
[128]
File: rmarkchunk1.png Graphic file (type bmp)
<rmarkchunk1.png>
File: rmarkchunk2.png Graphic file (type bmp)
<rmarkchunk2.png>
[129]
File: rmarkchunkopt.png Graphic file (type bmp)
<rmarkchunkopt.png>
[130]
File: rmarkchunk3.png Graphic file (type bmp)
<rmarkchunk3.png>
File: rmarkchunktab1.png Graphic file (type bmp)
<rmarkchunktab1.png>
File: rmarkchunktab2.png Graphic file (type bmp)
<rmarkchunktab2.png>
[131]
LaTeX Font Info:    External font `lmex10' loaded for size
(Font)              <10> on input line 7391.
LaTeX Font Info:    External font `lmex10' loaded for size
(Font)              <7> on input line 7391.
LaTeX Font Info:    External font `lmex10' loaded for size
(Font)              <5> on input line 7391.
File: rmarkchunkimg.png Graphic file (type bmp)
<rmarkchunkimg.png>
[132]
File: rmarkestilos.png Graphic file (type bmp)
<rmarkestilos.png>
[133]
File: rmarkestilos1.png Graphic file (type bmp)
<rmarkestilos1.png>
[134]
File: rmarkestilos2.png Graphic file (type bmp)
<rmarkestilos2.png>
File: rmarkbib.png Graphic file (type bmp)
<rmarkbib.png>
[135] [136]
File: rmarkmendeley.png Graphic file (type bmp)
<rmarkmendeley.png>
File: rmarkcitar.png Graphic file (type bmp)
<rmarkcitar.png>
[137]
Overfull \hbox (42.19005pt too wide) in paragraph at lines 7545--7545
[][][][]$\T1/lmr/m/n/10 https : / / raw . githubusercontent . com / citation-[]
style-[]language / styles / 44808db510152943c5d9dc471a9c8982a3edfbea /
 []

File: rmarkcitar1.png Graphic file (type bmp)
<rmarkcitar1.png>
[138]
File: rmarkcitarf.png Graphic file (type bmp)
<rmarkcitarf.png>
[139] [140]
Missing character: There is no ﬀ in font ec-lmr12!
[141

] [142]
Missing character: There is no ı in font ec-lmbx12!
Missing character: There is no ́ in font ec-lmbx12!
[143

] 
AED: lastpage setting LastPage
[144]
Package atveryend Info: Empty hook `BeforeClearDocument' on input line 7714.
Package atveryend Info: Empty hook `AfterLastShipout' on input line 7714.
(livror.aux)
Package atveryend Info: Empty hook `AtVeryEndDocument' on input line 7714.
Package atveryend Info: Executing hook `AtEndAfterFileList' on input line 7714.

Package rerunfilecheck Info: File `livror.out' has not changed.
(rerunfilecheck)             Checksum: EA897082FD4694A94B99D6D526BDEBC7.
 ) 
Here is how much of TeX's memory you used:
 26427 strings out of 427669
 489391 string characters out of 3149216
 642362 words of memory out of 3000000
 30139 multiletter control sequences out of 15000+200000
 615034 words of font info for 82 fonts, out of 3000000 for 9000
 1348 hyphenation exceptions out of 8191
 46i,11n,68p,814b,464s stack positions out of 5000i,500n,10000p,200000b,50000s

Output written on livror.pdf (145 pages).
